[debug] [2024-05-26T19:13:47.947Z] ----------------------------------------------------------------------
[debug] [2024-05-26T19:13:47.964Z] Command:       C:\Program Files\nodejs\node.exe C:\Users\hp\AppData\Roaming\npm\node_modules\firebase-tools\lib\bin\firebase.js init
[debug] [2024-05-26T19:13:47.966Z] CLI Version:   13.10.1
[debug] [2024-05-26T19:13:47.967Z] Platform:      win32
[debug] [2024-05-26T19:13:47.968Z] Node Version:  v21.6.2
[debug] [2024-05-26T19:13:47.969Z] Time:          Sun May 26 2024 20:13:47 GMT+0100 (UTC+01:00)
[debug] [2024-05-26T19:13:47.970Z] ----------------------------------------------------------------------
[debug] 
[debug] [2024-05-26T19:13:48.039Z] > command requires scopes: ["email","openid","https://www.googleapis.com/auth/cloudplatformprojects.readonly","https://www.googleapis.com/auth/firebase","https://www.googleapis.com/auth/cloud-platform"]
[debug] [2024-05-26T19:13:48.043Z] > authorizing via signed-in user (roumaysaeelamrani2002@gmail.com)
[info] 
     ######## #### ########  ######## ########     ###     ######  ########
     ##        ##  ##     ## ##       ##     ##  ##   ##  ##       ##
     ######    ##  ########  ######   ########  #########  ######  ######
     ##        ##  ##    ##  ##       ##     ## ##     ##       ## ##
     ##       #### ##     ## ######## ########  ##     ##  ######  ########

You're about to initialize a Firebase project in this directory:

  C:\Users\hp\Desktop\S4 GLSID2\Portfolio React\My-portfolio-hyperdoc

[info] 
=== Project Setup
[info] 
[info] First, let's associate this project directory with a Firebase project.
[info] You can create multiple project aliases by running firebase use --add, 
[info] but for now we'll just set up a default project.
[info] 
[info] i  If you want to create a project in a Google Cloud organization or folder, please use "firebase projects:create" instead, and return to this command when you've created the project. 
[debug] [2024-05-26T19:15:15.883Z] >>> [apiv2][query] POST https://cloudresourcemanager.googleapis.com/v1/projects [none]
[debug] [2024-05-26T19:15:15.884Z] >>> [apiv2][body] POST https://cloudresourcemanager.googleapis.com/v1/projects {"projectId":"HyperdocRoumaysae","name":"HyperdocRoumaysae"}
[debug] [2024-05-26T19:15:16.381Z] <<< [apiv2][status] POST https://cloudresourcemanager.googleapis.com/v1/projects 400
[debug] [2024-05-26T19:15:16.382Z] <<< [apiv2][body] POST https://cloudresourcemanager.googleapis.com/v1/projects {"error":{"code":400,"message":"field [project_id] has issue [project_id contains invalid characters]","status":"INVALID_ARGUMENT","details":[{"@type":"type.googleapis.com/google.rpc.BadRequest","fieldViolations":[{"field":"project_id","description":"project_id contains invalid characters"}]},{"@type":"type.googleapis.com/google.rpc.Help","links":[{"url":"https://cloud.google.com/resource-manager/reference/rest/v1/projects"}]}]}}
[debug] [2024-05-26T19:15:16.539Z] FirebaseError: HTTP Error: 400, field [project_id] has issue [project_id contains invalid characters]
    at responseToError (C:\Users\hp\AppData\Roaming\npm\node_modules\firebase-tools\lib\responseToError.js:49:12)
    at RetryOperation._fn (C:\Users\hp\AppData\Roaming\npm\node_modules\firebase-tools\lib\apiv2.js:305:77)
    at process.processTicksAndRejections (node:internal/process/task_queues:95:5)
[error] 
[error] Error: Failed to create project. See firebase-debug.log for more info.
[debug] [2024-05-26T19:16:03.420Z] ----------------------------------------------------------------------
[debug] [2024-05-26T19:16:03.438Z] Command:       C:\Program Files\nodejs\node.exe C:\Users\hp\AppData\Roaming\npm\node_modules\firebase-tools\lib\bin\firebase.js init
[debug] [2024-05-26T19:16:03.443Z] CLI Version:   13.10.1
[debug] [2024-05-26T19:16:03.444Z] Platform:      win32
[debug] [2024-05-26T19:16:03.446Z] Node Version:  v21.6.2
[debug] [2024-05-26T19:16:03.452Z] Time:          Sun May 26 2024 20:16:03 GMT+0100 (UTC+01:00)
[debug] [2024-05-26T19:16:03.454Z] ----------------------------------------------------------------------
[debug] 
[debug] [2024-05-26T19:16:03.512Z] > command requires scopes: ["email","openid","https://www.googleapis.com/auth/cloudplatformprojects.readonly","https://www.googleapis.com/auth/firebase","https://www.googleapis.com/auth/cloud-platform"]
[debug] [2024-05-26T19:16:03.517Z] > authorizing via signed-in user (roumaysaeelamrani2002@gmail.com)
[info] 
     ######## #### ########  ######## ########     ###     ######  ########
     ##        ##  ##     ## ##       ##     ##  ##   ##  ##       ##
     ######    ##  ########  ######   ########  #########  ######  ######
     ##        ##  ##    ##  ##       ##     ## ##     ##       ## ##
     ##       #### ##     ## ######## ########  ##     ##  ######  ########

You're about to initialize a Firebase project in this directory:

  C:\Users\hp\Desktop\S4 GLSID2\Portfolio React\My-portfolio-hyperdoc

[info] 
=== Project Setup
[info] 
[info] First, let's associate this project directory with a Firebase project.
[info] You can create multiple project aliases by running firebase use --add, 
[info] but for now we'll just set up a default project.
[info] 
